<?xml version="1.0" encoding="UTF-8"?>
<testsuite xmlns:xsi="http://www.w3.org/2001/XMLSchema-instance" xsi:noNamespaceSchemaLocation="https://maven.apache.org/surefire/maven-surefire-plugin/xsd/surefire-test-report.xsd" name="com.example.demogit.DemoGitApplicationTests" time="10.886" tests="1" errors="0" skipped="0" failures="0">
  <properties>
    <property name="sun.desktop" value="gnome"/>
    <property name="awt.toolkit" value="sun.awt.X11.XToolkit"/>
    <property name="java.specification.version" value="10"/>
    <property name="file.encoding.pkg" value="sun.io"/>
    <property name="sun.cpu.isalist" value=""/>
    <property name="sun.jnu.encoding" value="UTF-8"/>
    <property name="java.class.path" value="/home/nikita/dbLabs/demo-git/target/test-classes:/home/nikita/dbLabs/demo-git/target/classes:/home/nikita/.m2/repository/org/springframework/boot/spring-boot-starter/2.3.5.RELEASE/spring-boot-starter-2.3.5.RELEASE.jar:/home/nikita/.m2/repository/org/springframework/boot/spring-boot/2.3.5.RELEASE/spring-boot-2.3.5.RELEASE.jar:/home/nikita/.m2/repository/org/springframework/spring-context/5.2.10.RELEASE/spring-context-5.2.10.RELEASE.jar:/home/nikita/.m2/repository/org/springframework/boot/spring-boot-autoconfigure/2.3.5.RELEASE/spring-boot-autoconfigure-2.3.5.RELEASE.jar:/home/nikita/.m2/repository/org/springframework/boot/spring-boot-starter-logging/2.3.5.RELEASE/spring-boot-starter-logging-2.3.5.RELEASE.jar:/home/nikita/.m2/repository/ch/qos/logback/logback-classic/1.2.3/logback-classic-1.2.3.jar:/home/nikita/.m2/repository/ch/qos/logback/logback-core/1.2.3/logback-core-1.2.3.jar:/home/nikita/.m2/repository/org/apache/logging/log4j/log4j-to-slf4j/2.13.3/log4j-to-slf4j-2.13.3.jar:/home/nikita/.m2/repository/org/apache/logging/log4j/log4j-api/2.13.3/log4j-api-2.13.3.jar:/home/nikita/.m2/repository/org/slf4j/jul-to-slf4j/1.7.30/jul-to-slf4j-1.7.30.jar:/home/nikita/.m2/repository/jakarta/annotation/jakarta.annotation-api/1.3.5/jakarta.annotation-api-1.3.5.jar:/home/nikita/.m2/repository/org/springframework/spring-core/5.2.10.RELEASE/spring-core-5.2.10.RELEASE.jar:/home/nikita/.m2/repository/org/springframework/spring-jcl/5.2.10.RELEASE/spring-jcl-5.2.10.RELEASE.jar:/home/nikita/.m2/repository/org/yaml/snakeyaml/1.26/snakeyaml-1.26.jar:/home/nikita/.m2/repository/org/springframework/boot/spring-boot-starter-web/2.3.5.RELEASE/spring-boot-starter-web-2.3.5.RELEASE.jar:/home/nikita/.m2/repository/org/springframework/boot/spring-boot-starter-json/2.3.5.RELEASE/spring-boot-starter-json-2.3.5.RELEASE.jar:/home/nikita/.m2/repository/com/fasterxml/jackson/core/jackson-databind/2.11.3/jackson-databind-2.11.3.jar:/home/nikita/.m2/repository/com/fasterxml/jackson/core/jackson-annotations/2.11.3/jackson-annotations-2.11.3.jar:/home/nikita/.m2/repository/com/fasterxml/jackson/core/jackson-core/2.11.3/jackson-core-2.11.3.jar:/home/nikita/.m2/repository/com/fasterxml/jackson/datatype/jackson-datatype-jdk8/2.11.3/jackson-datatype-jdk8-2.11.3.jar:/home/nikita/.m2/repository/com/fasterxml/jackson/datatype/jackson-datatype-jsr310/2.11.3/jackson-datatype-jsr310-2.11.3.jar:/home/nikita/.m2/repository/com/fasterxml/jackson/module/jackson-module-parameter-names/2.11.3/jackson-module-parameter-names-2.11.3.jar:/home/nikita/.m2/repository/org/springframework/boot/spring-boot-starter-tomcat/2.3.5.RELEASE/spring-boot-starter-tomcat-2.3.5.RELEASE.jar:/home/nikita/.m2/repository/org/apache/tomcat/embed/tomcat-embed-core/9.0.39/tomcat-embed-core-9.0.39.jar:/home/nikita/.m2/repository/org/glassfish/jakarta.el/3.0.3/jakarta.el-3.0.3.jar:/home/nikita/.m2/repository/org/apache/tomcat/embed/tomcat-embed-websocket/9.0.39/tomcat-embed-websocket-9.0.39.jar:/home/nikita/.m2/repository/org/springframework/spring-web/5.2.10.RELEASE/spring-web-5.2.10.RELEASE.jar:/home/nikita/.m2/repository/org/springframework/spring-beans/5.2.10.RELEASE/spring-beans-5.2.10.RELEASE.jar:/home/nikita/.m2/repository/org/springframework/spring-webmvc/5.2.10.RELEASE/spring-webmvc-5.2.10.RELEASE.jar:/home/nikita/.m2/repository/org/springframework/spring-aop/5.2.10.RELEASE/spring-aop-5.2.10.RELEASE.jar:/home/nikita/.m2/repository/org/springframework/spring-expression/5.2.10.RELEASE/spring-expression-5.2.10.RELEASE.jar:/home/nikita/.m2/repository/mysql/mysql-connector-java/8.0.22/mysql-connector-java-8.0.22.jar:/home/nikita/.m2/repository/org/springframework/boot/spring-boot-starter-data-jpa/2.3.5.RELEASE/spring-boot-starter-data-jpa-2.3.5.RELEASE.jar:/home/nikita/.m2/repository/org/springframework/boot/spring-boot-starter-aop/2.3.5.RELEASE/spring-boot-starter-aop-2.3.5.RELEASE.jar:/home/nikita/.m2/repository/org/aspectj/aspectjweaver/1.9.6/aspectjweaver-1.9.6.jar:/home/nikita/.m2/repository/org/springframework/boot/spring-boot-starter-jdbc/2.3.5.RELEASE/spring-boot-starter-jdbc-2.3.5.RELEASE.jar:/home/nikita/.m2/repository/com/zaxxer/HikariCP/3.4.5/HikariCP-3.4.5.jar:/home/nikita/.m2/repository/org/springframework/spring-jdbc/5.2.10.RELEASE/spring-jdbc-5.2.10.RELEASE.jar:/home/nikita/.m2/repository/jakarta/transaction/jakarta.transaction-api/1.3.3/jakarta.transaction-api-1.3.3.jar:/home/nikita/.m2/repository/jakarta/persistence/jakarta.persistence-api/2.2.3/jakarta.persistence-api-2.2.3.jar:/home/nikita/.m2/repository/org/hibernate/hibernate-core/5.4.22.Final/hibernate-core-5.4.22.Final.jar:/home/nikita/.m2/repository/org/jboss/logging/jboss-logging/3.4.1.Final/jboss-logging-3.4.1.Final.jar:/home/nikita/.m2/repository/org/javassist/javassist/3.24.0-GA/javassist-3.24.0-GA.jar:/home/nikita/.m2/repository/net/bytebuddy/byte-buddy/1.10.17/byte-buddy-1.10.17.jar:/home/nikita/.m2/repository/antlr/antlr/2.7.7/antlr-2.7.7.jar:/home/nikita/.m2/repository/org/jboss/jandex/2.1.3.Final/jandex-2.1.3.Final.jar:/home/nikita/.m2/repository/com/fasterxml/classmate/1.5.1/classmate-1.5.1.jar:/home/nikita/.m2/repository/org/dom4j/dom4j/2.1.3/dom4j-2.1.3.jar:/home/nikita/.m2/repository/org/hibernate/common/hibernate-commons-annotations/5.1.0.Final/hibernate-commons-annotations-5.1.0.Final.jar:/home/nikita/.m2/repository/org/glassfish/jaxb/jaxb-runtime/2.3.3/jaxb-runtime-2.3.3.jar:/home/nikita/.m2/repository/org/glassfish/jaxb/txw2/2.3.3/txw2-2.3.3.jar:/home/nikita/.m2/repository/com/sun/istack/istack-commons-runtime/3.0.11/istack-commons-runtime-3.0.11.jar:/home/nikita/.m2/repository/com/sun/activation/jakarta.activation/1.2.2/jakarta.activation-1.2.2.jar:/home/nikita/.m2/repository/org/springframework/data/spring-data-jpa/2.3.5.RELEASE/spring-data-jpa-2.3.5.RELEASE.jar:/home/nikita/.m2/repository/org/springframework/data/spring-data-commons/2.3.5.RELEASE/spring-data-commons-2.3.5.RELEASE.jar:/home/nikita/.m2/repository/org/springframework/spring-orm/5.2.10.RELEASE/spring-orm-5.2.10.RELEASE.jar:/home/nikita/.m2/repository/org/springframework/spring-tx/5.2.10.RELEASE/spring-tx-5.2.10.RELEASE.jar:/home/nikita/.m2/repository/org/springframework/spring-aspects/5.2.10.RELEASE/spring-aspects-5.2.10.RELEASE.jar:/home/nikita/.m2/repository/org/thymeleaf/extras/thymeleaf-extras-springsecurity4/3.0.4.RELEASE/thymeleaf-extras-springsecurity4-3.0.4.RELEASE.jar:/home/nikita/.m2/repository/org/slf4j/slf4j-api/1.7.30/slf4j-api-1.7.30.jar:/home/nikita/.m2/repository/org/springframework/boot/spring-boot-starter-test/2.3.5.RELEASE/spring-boot-starter-test-2.3.5.RELEASE.jar:/home/nikita/.m2/repository/org/springframework/boot/spring-boot-test/2.3.5.RELEASE/spring-boot-test-2.3.5.RELEASE.jar:/home/nikita/.m2/repository/org/springframework/boot/spring-boot-test-autoconfigure/2.3.5.RELEASE/spring-boot-test-autoconfigure-2.3.5.RELEASE.jar:/home/nikita/.m2/repository/com/jayway/jsonpath/json-path/2.4.0/json-path-2.4.0.jar:/home/nikita/.m2/repository/net/minidev/json-smart/2.3/json-smart-2.3.jar:/home/nikita/.m2/repository/net/minidev/accessors-smart/1.2/accessors-smart-1.2.jar:/home/nikita/.m2/repository/org/ow2/asm/asm/5.0.4/asm-5.0.4.jar:/home/nikita/.m2/repository/jakarta/xml/bind/jakarta.xml.bind-api/2.3.3/jakarta.xml.bind-api-2.3.3.jar:/home/nikita/.m2/repository/jakarta/activation/jakarta.activation-api/1.2.2/jakarta.activation-api-1.2.2.jar:/home/nikita/.m2/repository/org/assertj/assertj-core/3.16.1/assertj-core-3.16.1.jar:/home/nikita/.m2/repository/org/hamcrest/hamcrest/2.2/hamcrest-2.2.jar:/home/nikita/.m2/repository/org/junit/jupiter/junit-jupiter/5.6.3/junit-jupiter-5.6.3.jar:/home/nikita/.m2/repository/org/junit/jupiter/junit-jupiter-api/5.6.3/junit-jupiter-api-5.6.3.jar:/home/nikita/.m2/repository/org/apiguardian/apiguardian-api/1.1.0/apiguardian-api-1.1.0.jar:/home/nikita/.m2/repository/org/opentest4j/opentest4j/1.2.0/opentest4j-1.2.0.jar:/home/nikita/.m2/repository/org/junit/platform/junit-platform-commons/1.6.3/junit-platform-commons-1.6.3.jar:/home/nikita/.m2/repository/org/junit/jupiter/junit-jupiter-params/5.6.3/junit-jupiter-params-5.6.3.jar:/home/nikita/.m2/repository/org/junit/jupiter/junit-jupiter-engine/5.6.3/junit-jupiter-engine-5.6.3.jar:/home/nikita/.m2/repository/org/junit/platform/junit-platform-engine/1.6.3/junit-platform-engine-1.6.3.jar:/home/nikita/.m2/repository/org/mockito/mockito-core/3.3.3/mockito-core-3.3.3.jar:/home/nikita/.m2/repository/net/bytebuddy/byte-buddy-agent/1.10.17/byte-buddy-agent-1.10.17.jar:/home/nikita/.m2/repository/org/objenesis/objenesis/2.6/objenesis-2.6.jar:/home/nikita/.m2/repository/org/mockito/mockito-junit-jupiter/3.3.3/mockito-junit-jupiter-3.3.3.jar:/home/nikita/.m2/repository/org/skyscreamer/jsonassert/1.5.0/jsonassert-1.5.0.jar:/home/nikita/.m2/repository/com/vaadin/external/google/android-json/0.0.20131108.vaadin1/android-json-0.0.20131108.vaadin1.jar:/home/nikita/.m2/repository/org/springframework/spring-test/5.2.10.RELEASE/spring-test-5.2.10.RELEASE.jar:/home/nikita/.m2/repository/org/xmlunit/xmlunit-core/2.7.0/xmlunit-core-2.7.0.jar:"/>
    <property name="java.vm.vendor" value="&quot;Oracle Corporation&quot;"/>
    <property name="sun.arch.data.model" value="64"/>
    <property name="java.vendor.url" value="http://java.oracle.com/"/>
    <property name="user.timezone" value=""/>
    <property name="java.vm.specification.version" value="10"/>
    <property name="os.name" value="Linux"/>
    <property name="sun.java.launcher" value="SUN_STANDARD"/>
    <property name="user.country" value="US"/>
    <property name="sun.boot.library.path" value="/home/nikita/dev/jdk-10.0.2/lib"/>
    <property name="sun.java.command" value="/home/nikita/dbLabs/demo-git/target/surefire/surefirebooter16083881401200642704.jar /home/nikita/dbLabs/demo-git/target/surefire 2020-11-12T18-00-51_847-jvmRun1 surefire15446866854713246013tmp surefire_05063525177070981959tmp"/>
    <property name="jdk.debug" value="release"/>
    <property name="surefire.test.class.path" value="/home/nikita/dbLabs/demo-git/target/test-classes:/home/nikita/dbLabs/demo-git/target/classes:/home/nikita/.m2/repository/org/springframework/boot/spring-boot-starter/2.3.5.RELEASE/spring-boot-starter-2.3.5.RELEASE.jar:/home/nikita/.m2/repository/org/springframework/boot/spring-boot/2.3.5.RELEASE/spring-boot-2.3.5.RELEASE.jar:/home/nikita/.m2/repository/org/springframework/spring-context/5.2.10.RELEASE/spring-context-5.2.10.RELEASE.jar:/home/nikita/.m2/repository/org/springframework/boot/spring-boot-autoconfigure/2.3.5.RELEASE/spring-boot-autoconfigure-2.3.5.RELEASE.jar:/home/nikita/.m2/repository/org/springframework/boot/spring-boot-starter-logging/2.3.5.RELEASE/spring-boot-starter-logging-2.3.5.RELEASE.jar:/home/nikita/.m2/repository/ch/qos/logback/logback-classic/1.2.3/logback-classic-1.2.3.jar:/home/nikita/.m2/repository/ch/qos/logback/logback-core/1.2.3/logback-core-1.2.3.jar:/home/nikita/.m2/repository/org/apache/logging/log4j/log4j-to-slf4j/2.13.3/log4j-to-slf4j-2.13.3.jar:/home/nikita/.m2/repository/org/apache/logging/log4j/log4j-api/2.13.3/log4j-api-2.13.3.jar:/home/nikita/.m2/repository/org/slf4j/jul-to-slf4j/1.7.30/jul-to-slf4j-1.7.30.jar:/home/nikita/.m2/repository/jakarta/annotation/jakarta.annotation-api/1.3.5/jakarta.annotation-api-1.3.5.jar:/home/nikita/.m2/repository/org/springframework/spring-core/5.2.10.RELEASE/spring-core-5.2.10.RELEASE.jar:/home/nikita/.m2/repository/org/springframework/spring-jcl/5.2.10.RELEASE/spring-jcl-5.2.10.RELEASE.jar:/home/nikita/.m2/repository/org/yaml/snakeyaml/1.26/snakeyaml-1.26.jar:/home/nikita/.m2/repository/org/springframework/boot/spring-boot-starter-web/2.3.5.RELEASE/spring-boot-starter-web-2.3.5.RELEASE.jar:/home/nikita/.m2/repository/org/springframework/boot/spring-boot-starter-json/2.3.5.RELEASE/spring-boot-starter-json-2.3.5.RELEASE.jar:/home/nikita/.m2/repository/com/fasterxml/jackson/core/jackson-databind/2.11.3/jackson-databind-2.11.3.jar:/home/nikita/.m2/repository/com/fasterxml/jackson/core/jackson-annotations/2.11.3/jackson-annotations-2.11.3.jar:/home/nikita/.m2/repository/com/fasterxml/jackson/core/jackson-core/2.11.3/jackson-core-2.11.3.jar:/home/nikita/.m2/repository/com/fasterxml/jackson/datatype/jackson-datatype-jdk8/2.11.3/jackson-datatype-jdk8-2.11.3.jar:/home/nikita/.m2/repository/com/fasterxml/jackson/datatype/jackson-datatype-jsr310/2.11.3/jackson-datatype-jsr310-2.11.3.jar:/home/nikita/.m2/repository/com/fasterxml/jackson/module/jackson-module-parameter-names/2.11.3/jackson-module-parameter-names-2.11.3.jar:/home/nikita/.m2/repository/org/springframework/boot/spring-boot-starter-tomcat/2.3.5.RELEASE/spring-boot-starter-tomcat-2.3.5.RELEASE.jar:/home/nikita/.m2/repository/org/apache/tomcat/embed/tomcat-embed-core/9.0.39/tomcat-embed-core-9.0.39.jar:/home/nikita/.m2/repository/org/glassfish/jakarta.el/3.0.3/jakarta.el-3.0.3.jar:/home/nikita/.m2/repository/org/apache/tomcat/embed/tomcat-embed-websocket/9.0.39/tomcat-embed-websocket-9.0.39.jar:/home/nikita/.m2/repository/org/springframework/spring-web/5.2.10.RELEASE/spring-web-5.2.10.RELEASE.jar:/home/nikita/.m2/repository/org/springframework/spring-beans/5.2.10.RELEASE/spring-beans-5.2.10.RELEASE.jar:/home/nikita/.m2/repository/org/springframework/spring-webmvc/5.2.10.RELEASE/spring-webmvc-5.2.10.RELEASE.jar:/home/nikita/.m2/repository/org/springframework/spring-aop/5.2.10.RELEASE/spring-aop-5.2.10.RELEASE.jar:/home/nikita/.m2/repository/org/springframework/spring-expression/5.2.10.RELEASE/spring-expression-5.2.10.RELEASE.jar:/home/nikita/.m2/repository/mysql/mysql-connector-java/8.0.22/mysql-connector-java-8.0.22.jar:/home/nikita/.m2/repository/org/springframework/boot/spring-boot-starter-data-jpa/2.3.5.RELEASE/spring-boot-starter-data-jpa-2.3.5.RELEASE.jar:/home/nikita/.m2/repository/org/springframework/boot/spring-boot-starter-aop/2.3.5.RELEASE/spring-boot-starter-aop-2.3.5.RELEASE.jar:/home/nikita/.m2/repository/org/aspectj/aspectjweaver/1.9.6/aspectjweaver-1.9.6.jar:/home/nikita/.m2/repository/org/springframework/boot/spring-boot-starter-jdbc/2.3.5.RELEASE/spring-boot-starter-jdbc-2.3.5.RELEASE.jar:/home/nikita/.m2/repository/com/zaxxer/HikariCP/3.4.5/HikariCP-3.4.5.jar:/home/nikita/.m2/repository/org/springframework/spring-jdbc/5.2.10.RELEASE/spring-jdbc-5.2.10.RELEASE.jar:/home/nikita/.m2/repository/jakarta/transaction/jakarta.transaction-api/1.3.3/jakarta.transaction-api-1.3.3.jar:/home/nikita/.m2/repository/jakarta/persistence/jakarta.persistence-api/2.2.3/jakarta.persistence-api-2.2.3.jar:/home/nikita/.m2/repository/org/hibernate/hibernate-core/5.4.22.Final/hibernate-core-5.4.22.Final.jar:/home/nikita/.m2/repository/org/jboss/logging/jboss-logging/3.4.1.Final/jboss-logging-3.4.1.Final.jar:/home/nikita/.m2/repository/org/javassist/javassist/3.24.0-GA/javassist-3.24.0-GA.jar:/home/nikita/.m2/repository/net/bytebuddy/byte-buddy/1.10.17/byte-buddy-1.10.17.jar:/home/nikita/.m2/repository/antlr/antlr/2.7.7/antlr-2.7.7.jar:/home/nikita/.m2/repository/org/jboss/jandex/2.1.3.Final/jandex-2.1.3.Final.jar:/home/nikita/.m2/repository/com/fasterxml/classmate/1.5.1/classmate-1.5.1.jar:/home/nikita/.m2/repository/org/dom4j/dom4j/2.1.3/dom4j-2.1.3.jar:/home/nikita/.m2/repository/org/hibernate/common/hibernate-commons-annotations/5.1.0.Final/hibernate-commons-annotations-5.1.0.Final.jar:/home/nikita/.m2/repository/org/glassfish/jaxb/jaxb-runtime/2.3.3/jaxb-runtime-2.3.3.jar:/home/nikita/.m2/repository/org/glassfish/jaxb/txw2/2.3.3/txw2-2.3.3.jar:/home/nikita/.m2/repository/com/sun/istack/istack-commons-runtime/3.0.11/istack-commons-runtime-3.0.11.jar:/home/nikita/.m2/repository/com/sun/activation/jakarta.activation/1.2.2/jakarta.activation-1.2.2.jar:/home/nikita/.m2/repository/org/springframework/data/spring-data-jpa/2.3.5.RELEASE/spring-data-jpa-2.3.5.RELEASE.jar:/home/nikita/.m2/repository/org/springframework/data/spring-data-commons/2.3.5.RELEASE/spring-data-commons-2.3.5.RELEASE.jar:/home/nikita/.m2/repository/org/springframework/spring-orm/5.2.10.RELEASE/spring-orm-5.2.10.RELEASE.jar:/home/nikita/.m2/repository/org/springframework/spring-tx/5.2.10.RELEASE/spring-tx-5.2.10.RELEASE.jar:/home/nikita/.m2/repository/org/springframework/spring-aspects/5.2.10.RELEASE/spring-aspects-5.2.10.RELEASE.jar:/home/nikita/.m2/repository/org/thymeleaf/extras/thymeleaf-extras-springsecurity4/3.0.4.RELEASE/thymeleaf-extras-springsecurity4-3.0.4.RELEASE.jar:/home/nikita/.m2/repository/org/slf4j/slf4j-api/1.7.30/slf4j-api-1.7.30.jar:/home/nikita/.m2/repository/org/springframework/boot/spring-boot-starter-test/2.3.5.RELEASE/spring-boot-starter-test-2.3.5.RELEASE.jar:/home/nikita/.m2/repository/org/springframework/boot/spring-boot-test/2.3.5.RELEASE/spring-boot-test-2.3.5.RELEASE.jar:/home/nikita/.m2/repository/org/springframework/boot/spring-boot-test-autoconfigure/2.3.5.RELEASE/spring-boot-test-autoconfigure-2.3.5.RELEASE.jar:/home/nikita/.m2/repository/com/jayway/jsonpath/json-path/2.4.0/json-path-2.4.0.jar:/home/nikita/.m2/repository/net/minidev/json-smart/2.3/json-smart-2.3.jar:/home/nikita/.m2/repository/net/minidev/accessors-smart/1.2/accessors-smart-1.2.jar:/home/nikita/.m2/repository/org/ow2/asm/asm/5.0.4/asm-5.0.4.jar:/home/nikita/.m2/repository/jakarta/xml/bind/jakarta.xml.bind-api/2.3.3/jakarta.xml.bind-api-2.3.3.jar:/home/nikita/.m2/repository/jakarta/activation/jakarta.activation-api/1.2.2/jakarta.activation-api-1.2.2.jar:/home/nikita/.m2/repository/org/assertj/assertj-core/3.16.1/assertj-core-3.16.1.jar:/home/nikita/.m2/repository/org/hamcrest/hamcrest/2.2/hamcrest-2.2.jar:/home/nikita/.m2/repository/org/junit/jupiter/junit-jupiter/5.6.3/junit-jupiter-5.6.3.jar:/home/nikita/.m2/repository/org/junit/jupiter/junit-jupiter-api/5.6.3/junit-jupiter-api-5.6.3.jar:/home/nikita/.m2/repository/org/apiguardian/apiguardian-api/1.1.0/apiguardian-api-1.1.0.jar:/home/nikita/.m2/repository/org/opentest4j/opentest4j/1.2.0/opentest4j-1.2.0.jar:/home/nikita/.m2/repository/org/junit/platform/junit-platform-commons/1.6.3/junit-platform-commons-1.6.3.jar:/home/nikita/.m2/repository/org/junit/jupiter/junit-jupiter-params/5.6.3/junit-jupiter-params-5.6.3.jar:/home/nikita/.m2/repository/org/junit/jupiter/junit-jupiter-engine/5.6.3/junit-jupiter-engine-5.6.3.jar:/home/nikita/.m2/repository/org/junit/platform/junit-platform-engine/1.6.3/junit-platform-engine-1.6.3.jar:/home/nikita/.m2/repository/org/mockito/mockito-core/3.3.3/mockito-core-3.3.3.jar:/home/nikita/.m2/repository/net/bytebuddy/byte-buddy-agent/1.10.17/byte-buddy-agent-1.10.17.jar:/home/nikita/.m2/repository/org/objenesis/objenesis/2.6/objenesis-2.6.jar:/home/nikita/.m2/repository/org/mockito/mockito-junit-jupiter/3.3.3/mockito-junit-jupiter-3.3.3.jar:/home/nikita/.m2/repository/org/skyscreamer/jsonassert/1.5.0/jsonassert-1.5.0.jar:/home/nikita/.m2/repository/com/vaadin/external/google/android-json/0.0.20131108.vaadin1/android-json-0.0.20131108.vaadin1.jar:/home/nikita/.m2/repository/org/springframework/spring-test/5.2.10.RELEASE/spring-test-5.2.10.RELEASE.jar:/home/nikita/.m2/repository/org/xmlunit/xmlunit-core/2.7.0/xmlunit-core-2.7.0.jar:"/>
    <property name="sun.cpu.endian" value="little"/>
    <property name="user.home" value="/home/nikita"/>
    <property name="user.language" value="en"/>
    <property name="java.specification.vendor" value="Oracle Corporation"/>
    <property name="java.version.date" value="2018-07-17"/>
    <property name="java.home" value="/home/nikita/dev/jdk-10.0.2"/>
    <property name="file.separator" value="/"/>
    <property name="basedir" value="/home/nikita/dbLabs/demo-git"/>
    <property name="java.vm.compressedOopsMode" value="32-bit"/>
    <property name="line.separator" value="&#10;"/>
    <property name="java.specification.name" value="Java Platform API Specification"/>
    <property name="java.vm.specification.vendor" value="Oracle Corporation"/>
    <property name="java.awt.graphicsenv" value="sun.awt.X11GraphicsEnvironment"/>
    <property name="surefire.real.class.path" value="/home/nikita/dbLabs/demo-git/target/surefire/surefirebooter16083881401200642704.jar"/>
    <property name="sun.management.compiler" value="HotSpot 64-Bit Tiered Compilers"/>
    <property name="java.runtime.version" value="10.0.2+13"/>
    <property name="user.name" value="nikita"/>
    <property name="path.separator" value=":"/>
    <property name="os.version" value="4.15.0-123-generic"/>
    <property name="java.runtime.name" value="Java(TM) SE Runtime Environment"/>
    <property name="file.encoding" value="UTF-8"/>
    <property name="java.vm.name" value="Java HotSpot(TM) 64-Bit Server VM"/>
    <property name="java.vendor.version" value="18.3"/>
    <property name="localRepository" value="/home/nikita/.m2/repository"/>
    <property name="java.vendor.url.bug" value="http://bugreport.java.com/bugreport/"/>
    <property name="java.io.tmpdir" value="/tmp"/>
    <property name="idea.version" value="2018.2.4"/>
    <property name="java.version" value="10.0.2"/>
    <property name="user.dir" value="/home/nikita/dbLabs/demo-git"/>
    <property name="os.arch" value="amd64"/>
    <property name="java.vm.specification.name" value="Java Virtual Machine Specification"/>
    <property name="java.awt.printerjob" value="sun.print.PSPrinterJob"/>
    <property name="sun.os.patch.level" value="unknown"/>
    <property name="java.library.path" value="/usr/java/packages/lib:/usr/lib64:/lib64:/lib:/usr/lib"/>
    <property name="java.vendor" value="Oracle Corporation"/>
    <property name="java.vm.info" value="mixed mode"/>
    <property name="java.vm.version" value="10.0.2+13"/>
    <property name="sun.io.unicode.encoding" value="UnicodeLittle"/>
    <property name="java.class.version" value="54.0"/>
  </properties>
  <testcase name="contextLoads" classname="com.example.demogit.DemoGitApplicationTests" time="0.261"/>
</testsuite>